<?xml version="1.0" encoding="UTF-8"?>
<testsuite xmlns:xsi="http://www.w3.org/2001/XMLSchema-instance" xsi:noNamespaceSchemaLocation="https://maven.apache.org/surefire/maven-surefire-plugin/xsd/surefire-test-report.xsd" version="3.0.2" name="com.patopedidosya.notification_service.NotificationServiceApplicationTests" time="12.043" tests="1" errors="0" skipped="0" failures="0" flakes="0">
  <properties>
[...]
</properties>
  <testcase name="contextLoads" classname="com.patopedidosya.notification_service.NotificationServiceApplicationTests" time="0.554">
    <system-out><![CDATA[04:26:14.659 [main] INFO org.springframework.test.context.support.AnnotationConfigContextLoaderUtils -- Could not detect default configuration classes for test class [com.patopedidosya.notification_service.NotificationServiceApplicationTests]: NotificationServiceApplicationTests does not declare any static, non-private, non-final, nested classes annotated with @Configuration.
04:26:14.895 [main] INFO org.springframework.boot.test.context.SpringBootTestContextBootstrapper -- Found @SpringBootConfiguration com.patopedidosya.notification_service.NotificationServiceApplication for test class com.patopedidosya.notification_service.NotificationServiceApplicationTests
04:26:15.603 [main] INFO org.springframework.boot.devtools.restart.RestartApplicationListener -- Restart disabled due to context in which it is running

  .   ____          _            __ _ _
 /\\ / ___'_ __ _ _(_)_ __  __ _ \ \ \ \
( ( )\___ | '_ | '_| | '_ \/ _` | \ \ \ \
 \\/  ___)| |_)| | | | | || (_| |  ) ) ) )
  '  |____| .__|_| |_|_| |_\__, | / / / /
 =========|_|==============|___/=/_/_/_/

 :: Spring Boot ::               (v3.5.13)

2026-03-30T04:26:16.535-03:00  INFO 9680 --- [           main] .p.n.NotificationServiceApplicationTests : Starting NotificationServiceApplicationTests using Java 17.0.12 with PID 9680 (started by Patricio in C:\Users\Patricio\OneDrive\Escritorio\PatoProyectos\Sistema PedidosYa\notification-service\notification-service)
2026-03-30T04:26:16.540-03:00  INFO 9680 --- [           main] .p.n.NotificationServiceApplicationTests : No active profile set, falling back to 1 default profile: "default"
2026-03-30T04:26:19.192-03:00  INFO 9680 --- [           main] .s.d.r.c.RepositoryConfigurationDelegate : Bootstrapping Spring Data JPA repositories in DEFAULT mode.
2026-03-30T04:26:19.564-03:00  INFO 9680 --- [           main] .s.d.r.c.RepositoryConfigurationDelegate : Finished Spring Data repository scanning in 348 ms. Found 1 JPA repository interface.
2026-03-30T04:26:19.941-03:00  INFO 9680 --- [           main] o.s.cloud.context.scope.GenericScope     : BeanFactory id=718076e7-0263-328e-9bf5-8b597172dc2b
2026-03-30T04:26:20.678-03:00  INFO 9680 --- [           main] o.hibernate.jpa.internal.util.LogHelper  : HHH000204: Processing PersistenceUnitInfo [name: default]
2026-03-30T04:26:20.828-03:00  INFO 9680 --- [           main] org.hibernate.Version                    : HHH000412: Hibernate ORM core version 6.6.45.Final
2026-03-30T04:26:20.919-03:00  INFO 9680 --- [           main] o.h.c.internal.RegionFactoryInitiator    : HHH000026: Second-level cache disabled
2026-03-30T04:26:21.603-03:00  INFO 9680 --- [           main] o.s.o.j.p.SpringPersistenceUnitInfo      : No LoadTimeWeaver setup: ignoring JPA class transformer
2026-03-30T04:26:21.670-03:00  INFO 9680 --- [           main] com.zaxxer.hikari.HikariDataSource       : HikariPool-1 - Starting...
2026-03-30T04:26:22.013-03:00  INFO 9680 --- [           main] com.zaxxer.hikari.pool.HikariPool        : HikariPool-1 - Added connection conn0: url=jdbc:h2:mem:notificationdb user=SA
2026-03-30T04:26:22.017-03:00  INFO 9680 --- [           main] com.zaxxer.hikari.HikariDataSource       : HikariPool-1 - Start completed.
2026-03-30T04:26:22.119-03:00  INFO 9680 --- [           main] org.hibernate.orm.connections.pooling    : HHH10001005: Database info:
	Database JDBC URL [Connecting through datasource 'HikariDataSource (HikariPool-1)']
	Database driver: undefined/unknown
	Database version: 2.3.232
	Autocommit mode: undefined/unknown
	Isolation level: undefined/unknown
	Minimum pool size: undefined/unknown
	Maximum pool size: undefined/unknown
2026-03-30T04:26:23.208-03:00  INFO 9680 --- [           main] o.h.e.t.j.p.i.JtaPlatformInitiator       : HHH000489: No JTA platform available (set 'hibernate.transaction.jta.platform' to enable JTA platform integration)
2026-03-30T04:26:23.248-03:00  INFO 9680 --- [           main] j.LocalContainerEntityManagerFactoryBean : Initialized JPA EntityManagerFactory for persistence unit 'default'
2026-03-30T04:26:24.011-03:00  WARN 9680 --- [           main] JpaBaseConfiguration$JpaWebConfiguration : spring.jpa.open-in-view is enabled by default. Therefore, database queries may be performed during view rendering. Explicitly configure spring.jpa.open-in-view to disable this warning
2026-03-30T04:26:25.415-03:00  INFO 9680 --- [           main] DiscoveryClientOptionalArgsConfiguration : Eureka HTTP Client uses RestTemplate.
2026-03-30T04:26:25.489-03:00  WARN 9680 --- [           main] iguration$LoadBalancerCaffeineWarnLogger : Spring Cloud LoadBalancer is currently working with the default cache. While this cache implementation is useful for development and tests, it's recommended to use Caffeine cache in production.You can switch to using Caffeine cache, by adding it and org.springframework.cache.caffeine.CaffeineCacheManager to the classpath.
2026-03-30T04:26:25.502-03:00  INFO 9680 --- [           main] o.s.b.a.e.web.EndpointLinksResolver      : Exposing 1 endpoint beneath base path '/actuator'
2026-03-30T04:26:25.647-03:00  INFO 9680 --- [           main] .p.n.NotificationServiceApplicationTests : Started NotificationServiceApplicationTests in 10.084 seconds (process running for 12.707)
]]></system-out>
  </testcase>
</testsuite>